This is TeX, Version 3.14159 (C version 6.1) (format=latex 97.3.17)  5 MAR 2003 13:28
**./images.tex
(images.tex
LaTeX2e <1996/12/01> patch level 1
Babel <v3.6h> and hyphenation patterns for american, german, loaded.

(/usr/local/teTeX/texmf/tex/latex/base/article.cls
Document Class: article 1996/10/31 v1.3u Standard LaTeX document class
(/usr/local/teTeX/texmf/tex/latex/base/size11.clo
File: size11.clo 1996/10/31 v1.3u Standard LaTeX file (size option)
)
\c@part=\count79
\c@section=\count80
\c@subsection=\count81
\c@subsubsection=\count82
\c@paragraph=\count83
\c@subparagraph=\count84
\c@figure=\count85
\c@table=\count86
\abovecaptionskip=\skip41
\belowcaptionskip=\skip42
\bibindent=\dimen102
) (/home/user1/dec/ptw/hypertext/sun67_htx/html.sty) (/home/user1/dec/ptw/hyper
text/sun67_htx/star2html.sty)
! Undefined control sequence.
l.42 \latex
           {\renewcommand {\_}{{\tt\symbol{95}}}}
The control sequence at the end of the top line
of your error message was never \def'ed. If you have
misspelled it (e.g., `\hobx'), type `I' and the correct
spelling (e.g., `I\hbox'). Otherwise just continue,
and I'll forget about whatever was undefined.

\oldspacing=\skip43
(/home/user1/dec/ptw/hypertext/sun67_htx/star2html.sty)
\sizebox=\box26
\lthtmlwrite=\write3
(images.aux)
LaTeX Font Info:    Checking defaults for OML/cmm/m/it on input line 350.
LaTeX Font Info:    ... okay on input line 350.
LaTeX Font Info:    Checking defaults for T1/cmr/m/n on input line 350.
LaTeX Font Info:    ... okay on input line 350.
LaTeX Font Info:    Checking defaults for OT1/cmr/m/n on input line 350.
LaTeX Font Info:    ... okay on input line 350.
LaTeX Font Info:    Checking defaults for OMS/cmsy/m/n on input line 350.
LaTeX Font Info:    ... okay on input line 350.
LaTeX Font Info:    Checking defaults for OMX/cmex/m/n on input line 350.
LaTeX Font Info:    ... okay on input line 350.
LaTeX Font Info:    Checking defaults for U/cmr/m/n on input line 350.
LaTeX Font Info:    ... okay on input line 350.
latex2htmlLength hsize=451.0pt
latex2htmlLength vsize=715.72284pt
latex2htmlLength hoffset=0.0pt
latex2htmlLength voffset=0.0pt
latex2htmlLength topmargin=0.0pt
latex2htmlLength topskip=0.00002pt
latex2htmlLength headheight=0.0pt
latex2htmlLength headsep=0.0pt
latex2htmlLength parskip=6.0pt plus 2.0pt minus 2.0pt
latex2htmlLength oddsidemargin=0.0pt
latex2htmlLength evensidemargin=0.0pt
LaTeX Font Info:    External font `cmex10' loaded for size
(Font)              <10.95> on input line 374.
LaTeX Font Info:    External font `cmex10' loaded for size
(Font)              <8> on input line 374.
LaTeX Font Info:    External font `cmex10' loaded for size
(Font)              <6> on input line 374.
l2hSize :tex2html_wrap_inline417:7.62646pt::0.0pt::10.22507pt.
[1


]
l2hSize :tex2html_wrap_inline419:7.62646pt::7.62646pt::18.74176pt.
[2


]
l2hSize :tex2html_wrap_inline529:8.2125pt::8.2125pt::26.92624pt.
[3


]
l2hSize :tex2html_wrap_inline787:10.13034pt::0.0pt::58.35004pt.
[4


]
l2hSize :tex2html_wrap_inline789:7.07185pt::0.0pt::5.475pt.
[5


]
l2hSize :tex2html_wrap_inline803:8.2125pt::8.2125pt::150.20139pt.
[6


]
l2hSize :tex2html_wrap_inline807:8.2125pt::8.2125pt::155.67639pt.
[7


]
l2hSize :tex2html_wrap_inline894:7.62646pt::7.62646pt::35.89854pt.
[8


]
l2hSize :tex2html_wrap_inline1091:8.2125pt::8.2125pt::42.52638pt.
[9


]
l2hSize :tex2html_wrap_inline1093:7.07185pt::0.0pt::10.95003pt.
[10


]
l2hSize :tex2html_wrap_inline1095:8.2125pt::8.2125pt::117.90274pt.
[11


]
l2hSize :tex2html_wrap_inline1099:9.12923pt::9.12923pt::122.6528pt.
[12


]
l2hSize :tex2html_wrap_inline1103:8.2125pt::8.2125pt::32.18459pt.
[13


]
l2hSize :tex2html_wrap_inline1105:8.2125pt::8.2125pt::26.10136pt.
[14


]
l2hSize :tex2html_wrap_inline1107:7.07185pt::7.07185pt::15.15135pt.
[15


]
l2hSize :tex2html_wrap_inline1374:8.2125pt::8.2125pt::19.4667pt.
[16


]
l2hSize :tex2html_wrap_inline1376:13.58197pt::13.58197pt::46.33769pt.
[17


]
l2hSize :tex2html_wrap_inline1378:7.07185pt::7.07185pt::24.33328pt.
[18


]
l2hSize :tex2html_wrap_inline1702:7.48248pt::0.0pt::9.12502pt.
[19


]
l2hSize :tex2html_wrap_inline1706:8.2125pt::8.2125pt::26.61958pt.
[20


]
l2hSize :tex2html_wrap_inline1708:7.07185pt::7.07185pt::15.72293pt.
[21


]
l2hSize :tex2html_wrap_inline1710:7.62646pt::0.0pt::15.70007pt.
[22


]
l2hSize :tex2html_wrap_inline1712:7.60416pt::0.0pt::5.28107pt.
[23


]
l2hSize :tex2html_wrap_inline1714:7.07185pt::0.0pt::7.04526pt.
[24


]
l2hSize :tex2html_wrap_inline1716:10.13034pt::0.0pt::13.85803pt.
[25


]
l2hSize :tex2html_wrap_inline1718:7.62646pt::7.62646pt::35.89854pt.
[26


]
l2hSize :tex2html_wrap_inline1722:7.62646pt::0.0pt::10.22507pt.
[27


]
l2hSize :tex2html_wrap_inline1726:8.2125pt::8.2125pt::42.40842pt.
[28


]
l2hSize :tex2html_wrap_inline1730:8.2125pt::8.2125pt::26.18991pt.
[29


]
l2hSize :tex2html_wrap_inline1746:7.07185pt::7.07185pt::8.5167pt.
[30


]
l2hSize :tex2html_wrap_inline1748:7.4181pt::0.0pt::14.55948pt.
[31


]
l2hSize :tex2html_wrap_inline1750:10.13034pt::0.0pt::13.85803pt.
[32


]
l2hSize :tex2html_wrap_inline2525:7.62646pt::0.0pt::15.70007pt.
[33


]
l2hSize :tex2html_wrap_inline2705:7.07185pt::7.07185pt::31.53958pt.
[34


]
l2hSize :tex2html_wrap_inline2707:7.07185pt::7.07185pt::31.53958pt.
[35


]
l2hSize :tex2html_wrap_inline2709:7.62646pt::0.0pt::15.70007pt.
[36


]
l2hSize :tex2html_wrap_inline2711:7.62646pt::0.0pt::21.17508pt.
[37


]
l2hSize :tex2html_wrap_inline2713:9.12923pt::0.0pt::56.14227pt.
[38


]
l2hSize :tex2html_wrap_inline2717:7.62646pt::0.0pt::15.70007pt.
[39


]
l2hSize :tex2html_wrap_inline2719:7.07185pt::7.07185pt::31.53958pt.
[40


]
l2hSize :tex2html_wrap_inline2721:7.07185pt::7.07185pt::31.53958pt.
[41


]
l2hSize :tex2html_wrap_inline2723:7.07185pt::7.07185pt::28.49791pt.
[42


]
l2hSize :tex2html_wrap_inline2725:10.13034pt::0.0pt::15.1963pt.
[43


]
l2hSize :tex2html_wrap_inline2727:7.07185pt::7.07185pt::33.97292pt.
[44


]
l2hSize :tex2html_wrap_inline2729:8.2125pt::8.2125pt::33.97289pt.
[45


]
l2hSize :tex2html_wrap_inline2868:8.2125pt::8.2125pt::23.86188pt.
[46


]
l2hSize :tex2html_wrap_inline2874:8.2125pt::8.2125pt::26.10136pt.
[47


]
l2hSize :tex2html_wrap_inline3017:7.07185pt::0.0pt::12.77495pt.
[48


]
l2hSize :tex2html_wrap_inline3161:9.52922pt::0.0pt::10.6973pt.
[49


]
l2hSize :tex2html_wrap_inline3381:8.2125pt::8.2125pt::37.06009pt.
[50


]
l2hSize :tex2html_wrap_inline3494:8.2125pt::8.2125pt::69.25354pt.
[51


]
l2hSize :tex2html_wrap_inline4118:7.07185pt::0.0pt::12.10966pt.
[52


]
l2hSize :tex2html_wrap_inline4124:7.62646pt::0.0pt::21.17508pt.
[53


]
l2hSize :tex2html_wrap_inline5206:9.52922pt::0.0pt::53.15852pt.
[54


]
l2hSize :tex2html_wrap_inline5955:8.2125pt::8.2125pt::33.90187pt.
[55


]
l2hSize :tex2html_wrap_inline5957:8.2125pt::8.2125pt::33.90187pt.
[56


]
l2hSize :tex2html_wrap_inline5963:8.41812pt::8.41812pt::62.95944pt.
[57


]
l2hSize :tex2html_wrap_inline5965:8.41812pt::8.41812pt::61.57301pt.
[58


]
l2hSize :tex2html_wrap_inline5967:8.41812pt::0.0pt::49.32889pt.
[59


]
l2hSize :tex2html_wrap_inline5969:8.41812pt::8.41812pt::48.33533pt.
[60


]
l2hSize :tex2html_wrap_inline5971:8.41812pt::8.41812pt::190.55496pt.
[61


]
l2hSize :tex2html_wrap_inline5973:8.41812pt::8.41812pt::190.05818pt.
[62


]
l2hSize :tex2html_wrap_inline5975:8.41812pt::8.41812pt::197.9745pt.
[63


]
l2hSize :tex2html_wrap_inline5977:8.41812pt::8.41812pt::197.08485pt.
[64


]
l2hSize :tex2html_wrap_inline6231:7.60416pt::7.60416pt::16.45663pt.
[65


]
l2hSize :tex2html_wrap_inline6233:7.07185pt::7.07185pt::27.31801pt.
[66


]
l2hSize :tex2html_wrap_inline6348:7.07185pt::0.0pt::27.98332pt.
[67


]
l2hSize :tex2html_wrap_inline6476:7.07185pt::7.07185pt::50.91757pt.
[68


]
l2hSize :tex2html_wrap_inline6492:7.07185pt::7.07185pt::22.56413pt.
[69


]
l2hSize :tex2html_wrap_inline6714:9.44032pt::0.0pt::9.67093pt.
[70


]
l2hSize :tex2html_wrap_inline6718:7.48248pt::0.0pt::10.03752pt.
[71


]
l2hSize :tex2html_wrap_inline7187:7.07185pt::0.0pt::3.04167pt.
[72


]
l2hSize :tex2html_wrap_inline7189:7.07185pt::7.07185pt::26.52841pt.
[73


]
l2hSize :tex2html_wrap_inline7359:10.13034pt::0.0pt::15.1963pt.
[74


]
l2hSize :tex2html_wrap_inline7361:10.13034pt::0.0pt::9.7213pt.
[75


]
l2hSize :tex2html_wrap_inline7363:10.13034pt::0.0pt::13.85803pt.
[76


]
l2hSize :tex2html_wrap_inline7365:10.13034pt::0.0pt::13.85803pt.
[77


]
l2hSize :tex2html_wrap_inline7367:10.13034pt::0.0pt::13.85803pt.
[78


]
l2hSize :tex2html_wrap_inline7369:10.13034pt::0.0pt::15.1963pt.
[79


]
l2hSize :tex2html_wrap_inline7371:10.13034pt::0.0pt::19.33304pt.
[80


]
l2hSize :tex2html_wrap_inline7375:10.13034pt::0.0pt::19.33304pt.
[81


]
l2hSize :tex2html_wrap_inline7377:10.13034pt::0.0pt::15.1963pt.
[82


]
l2hSize :tex2html_wrap_inline7379:10.13034pt::0.0pt::13.85803pt.
[83


]
l2hSize :tex2html_wrap_inline7466:7.07185pt::7.07185pt::8.5167pt.
[84


]
l2hSize :tex2html_wrap_inline8211:8.2125pt::8.2125pt::25.7242pt.
[85


]
l2hSize :tex2html_wrap_inline8454:7.4181pt::0.0pt::14.80284pt.
[86


]
l2hSize :tex2html_wrap_inline8456:7.4181pt::0.0pt::18.53345pt.
[87


]
l2hSize :tex2html_wrap_inline8458:10.13034pt::10.13034pt::33.32474pt.
[88


]
l2hSize :tex2html_wrap_inline8920:7.07185pt::0.0pt::27.12018pt.
[89


]
l2hSize :tex2html_wrap_inline9065:7.60416pt::7.60416pt::15.99092pt.
[90


]
l2hSize :tex2html_wrap_inline9067:7.60416pt::7.60416pt::17.19296pt.
[91


]
l2hSize :tex2html_wrap_inline9075:7.60416pt::7.60416pt::5.2944pt.
[92


]
l2hSize :tex2html_wrap_inline9884:9.12923pt::9.12923pt::30.82797pt.
[93


]
l2hSize :tex2html_wrap_inline9886:9.12923pt::9.12923pt::35.07803pt.
[94


]
l2hSize :tex2html_wrap_inline10039:7.60416pt::7.60416pt::52.25188pt.
[95


]
l2hSize :tex2html_wrap_inline10188:7.4181pt::0.0pt::20.03448pt.
[96


]
l2hSize :tex2html_wrap_inline10190:7.4181pt::0.0pt::20.03448pt.
[97


]
l2hSize :tex2html_wrap_inline10263:9.44032pt::9.44032pt::38.18771pt.
[98


]
l2hSize :tex2html_wrap_inline10673:7.48248pt::0.0pt::7.90834pt.
[99


]
l2hSize :tex2html_wrap_inline10675:7.07185pt::0.0pt::9.37218pt.
[100


]
l2hSize :tex2html_wrap_inline10677:7.07185pt::0.0pt::7.20874pt.
[101


]
l2hSize :tex2html_wrap_inline10697:7.07185pt::7.07185pt::9.93608pt.
[102


]
l2hSize :tex2html_wrap_inline10699:7.07185pt::7.07185pt::11.39606pt.
[103


]
l2hSize :tex2html_wrap_inline10701:7.07185pt::7.07185pt::24.37381pt.
[104


]
l2hSize :tex2html_wrap_inline10705:7.60416pt::7.60416pt::7.5256pt.
[105


]
l2hSize :tex2html_wrap_inline10735:8.2125pt::8.2125pt::53.76514pt.
[106


]
l2hSize :tex2html_wrap_inline10769:8.2125pt::8.2125pt::59.24014pt.
[107


]
l2hSize :tex2html_wrap_inline11250:7.60416pt::7.60416pt::39.92438pt.
[108


]
l2hSize :tex2html_wrap_inline11409:8.2125pt::8.2125pt::62.61017pt.
[109


]
l2hSize :tex2html_wrap_inline11411:10.13034pt::0.0pt::41.23306pt.
[110


]
l2hSize :tex2html_wrap_inline11666:8.2125pt::8.2125pt::37.06009pt.
[111


]
l2hSize :tex2html_wrap_inline11680:10.13034pt::0.0pt::24.80804pt.
[112


]
l2hSize :tex2html_wrap_inline11900:8.2125pt::8.2125pt::40.43898pt.
[113


]
l2hSize :tex2html_wrap_inline11902:8.2125pt::8.2125pt::33.28798pt.
[114


]
l2hSize :tex2html_wrap_inline12171:7.31305pt::0.0pt::7.04526pt.
[115


]
l2hSize :tex2html_wrap_inline12173:7.60416pt::0.0pt::30.6371pt.
[116


]
l2hSize :tex2html_wrap_inline12175:7.62646pt::0.0pt::15.70007pt.
[117


]
l2hSize :tex2html_wrap_inline12177:7.48248pt::0.0pt::16.17027pt.
[118


]
l2hSize :tex2html_wrap_inline13366:9.44032pt::0.0pt::56.2022pt.
[119


]
l2hSize :tex2html_wrap_inline13606:7.07185pt::0.0pt::61.44164pt.
[120


]
l2hSize :tex2html_wrap_inline13683:8.2125pt::8.2125pt::27.3749pt.
[121


]
l2hSize :tex2html_wrap_inline14352:7.51291pt::0.0pt::11.95369pt.
[122


]
l2hSize :tex2html_wrap_inline14482:7.07185pt::7.07185pt::15.08926pt.
[123


]
l2hSize :tex2html_wrap_inline15322:10.13034pt::0.0pt::20.67131pt.
[124


]
l2hSize :tex2html_wrap_inline15324:10.13034pt::0.0pt::19.33304pt.
[125


]
l2hSize :tex2html_wrap_inline15650:10.13034pt::0.0pt::15.1963pt.
[126


]
l2hSize :tex2html_wrap_inline15654:10.13034pt::0.0pt::9.7213pt.
[127


]
l2hSize :tex2html_wrap_inline17046:9.12923pt::9.12923pt::67.61365pt.
[128


]
l2hSize :tex2html_wrap_inline17052:7.07185pt::7.07185pt::5.66132pt.
[129


]
l2hSize :tex2html_wrap_inline19140:10.13034pt::0.0pt::9.7213pt.
[130


]
l2hSize :tex2html_wrap_inline19142:10.13034pt::0.0pt::9.7213pt.
[131


]
l2hSize :tex2html_wrap_inline19144:10.13034pt::0.0pt::9.7213pt.
[132


]
l2hSize :tex2html_wrap_inline19146:10.13034pt::0.0pt::15.1963pt.
[133


]
l2hSize :tex2html_wrap_inline19148:10.13034pt::0.0pt::15.1963pt.
[134


]
l2hSize :tex2html_wrap_inline19150:10.13034pt::0.0pt::15.1963pt.
[135


]
l2hSize :tex2html_wrap_inline19152:10.13034pt::0.0pt::15.1963pt.
[136


]
l2hSize :tex2html_wrap_inline19156:10.13034pt::0.0pt::13.85803pt.
[137


]
l2hSize :tex2html_wrap_inline19160:8.2125pt::8.2125pt::117.10414pt.
[138


]
l2hSize :tex2html_wrap_inline20266:7.62646pt::0.0pt::21.17508pt.
[139


]
l2hSize :tex2html_wrap_inline20540:10.13034pt::0.0pt::9.7213pt.
[140


]
l2hSize :tex2html_wrap_inline20546:10.13034pt::0.0pt::20.67131pt.
[141


]
l2hSize :tex2html_wrap_inline20548:10.13034pt::0.0pt::26.14632pt.
[142


]
l2hSize :tex2html_wrap_inline21384:7.07185pt::7.07185pt::30.96794pt.
[143


]
l2hSize :tex2html_wrap_inline21959:8.2125pt::8.2125pt::33.95927pt.
[144


]
l2hSize :tex2html_wrap_inline22036:7.07185pt::7.07185pt::46.40807pt.
[145


]
l2hSize :tex2html_wrap_inline22315:7.07185pt::7.07185pt::6.59792pt.
[146


]
l2hSize :displaymath22309:24.1314pt::0.0pt::451.0pt.
[147


]
l2hSize :tex2html_wrap_inline22319:7.07185pt::7.07185pt::11.08911pt.
[148


]
l2hSize :tex2html_wrap_inline22321:7.07185pt::0.0pt::6.646pt.
[149


]
l2hSize :tex2html_wrap_inline22323:7.07185pt::7.07185pt::11.08911pt.
[150


]
l2hSize :tex2html_wrap_inline22325:7.07185pt::7.07185pt::13.9917pt.
[151


]
l2hSize :tex2html_wrap_inline22794:9.12923pt::9.12923pt::108.07462pt.
[152


]
l2hSize :tex2html_wrap_inline22796:7.60416pt::7.60416pt::5.59856pt.
[153


]
l2hSize :tex2html_wrap_inline22798:7.60416pt::7.60416pt::14.72357pt.
[154


]
l2hSize :tex2html_wrap_inline22804:7.60416pt::7.60416pt::23.24022pt.
[155


]
l2hSize :tex2html_wrap_inline22806:9.12923pt::9.12923pt::27.99028pt.
[156


]
l2hSize :tex2html_wrap_inline22814:9.12923pt::0.0pt::34.47794pt.
[157


]
l2hSize :tex2html_wrap_inline22816:7.62646pt::0.0pt::15.70007pt.
[158


]
l2hSize :tex2html_wrap_inline22818:9.12923pt::0.0pt::34.47794pt.
[159


]
l2hSize :tex2html_wrap_inline22820:7.62646pt::0.0pt::27.25838pt.
[160


]
l2hSize :tex2html_wrap_inline22824:7.62646pt::7.62646pt::35.89854pt.
[161


]
l2hSize :tex2html_wrap_inline22826:10.13034pt::0.0pt::19.33304pt.
[162


]
l2hSize :tex2html_wrap_inline22828:7.62646pt::7.62646pt::35.89854pt.
[163


]
l2hSize :tex2html_wrap_inline22832:7.62646pt::7.62646pt::35.89854pt.
[164


]
l2hSize :tex2html_wrap_inline23085:7.62646pt::0.0pt::25.43341pt.
[165


]
l2hSize :tex2html_wrap_inline23095:7.62646pt::0.0pt::15.70007pt.
[166


]
l2hSize :tex2html_wrap_inline23097:7.62646pt::0.0pt::15.70007pt.
[167


]
l2hSize :tex2html_wrap_inline23099:7.62646pt::0.0pt::15.70007pt.
[168


]
l2hSize :tex2html_wrap_inline23113:7.62646pt::7.62646pt::24.21677pt.
[169


]
l2hSize :tex2html_wrap_inline23115:7.62646pt::7.62646pt::24.21677pt.
[170


]
l2hSize :tex2html_wrap_inline23117:7.62646pt::0.0pt::21.17508pt.
[171


]
l2hSize :tex2html_wrap_inline23123:7.07185pt::7.07185pt::21.19794pt.
[172


]
l2hSize :tex2html_wrap_inline23135:9.12923pt::0.0pt::55.84569pt.
[173


]
l2hSize :tex2html_wrap_inline23147:7.62646pt::0.0pt::10.22507pt.
[174


]
l2hSize :tex2html_wrap_inline23155:9.12923pt::0.0pt::20.56676pt.
[175


]
l2hSize :tex2html_wrap_inline23159:8.2125pt::8.2125pt::59.514pt.
[176


]
l2hSize :tex2html_wrap_inline23163:7.60416pt::7.60416pt::6.77151pt.
[177


]
l2hSize :tex2html_wrap_inline23386:7.62646pt::0.0pt::15.70007pt.
[178


]
l2hSize :tex2html_wrap_inline23388:10.13034pt::0.0pt::19.33304pt.
[179


]
l2hSize :tex2html_wrap_inline23400:7.62646pt::0.0pt::15.70007pt.
[180


]
l2hSize :tex2html_wrap_inline23402:7.62646pt::0.0pt::27.25838pt.
[181


]
l2hSize :tex2html_wrap_inline23408:10.13034pt::0.0pt::13.85803pt.
[182


]
l2hSize :tex2html_wrap_inline23410:7.62646pt::0.0pt::15.70007pt.
[183


]
l2hSize :tex2html_wrap_inline23412:8.2125pt::8.2125pt::48.445pt.
[184


]
l2hSize :tex2html_wrap_inline23414:8.2125pt::8.2125pt::48.7492pt.
[185


]
l2hSize :tex2html_wrap_inline23615:7.62646pt::0.0pt::15.70007pt.
[186


]
l2hSize :tex2html_wrap_inline23617:7.62646pt::7.62646pt::35.89854pt.
[187


]
l2hSize :tex2html_wrap_inline23621:7.60416pt::7.60416pt::16.9658pt.
[188


]
l2hSize :tex2html_wrap_inline23625:10.13034pt::0.0pt::13.85803pt.
[189


]
l2hSize :tex2html_wrap_inline23627:7.62646pt::0.0pt::15.70007pt.
[190


]
l2hSize :tex2html_wrap_inline23629:10.13034pt::0.0pt::13.85803pt.
[191


]
l2hSize :tex2html_wrap_inline23631:7.62646pt::0.0pt::15.70007pt.
[192


]
l2hSize :tex2html_wrap_inline23633:10.13034pt::0.0pt::13.85803pt.
[193


]
l2hSize :tex2html_wrap_inline23635:7.62646pt::0.0pt::15.70007pt.
[194


]
l2hSize :tex2html_wrap_inline23639:7.62646pt::0.0pt::15.70007pt.
[195


]
l2hSize :tex2html_wrap_inline23641:10.13034pt::0.0pt::9.7213pt.
[196


]
l2hSize :tex2html_wrap_inline23643:7.62646pt::0.0pt::15.70007pt.
[197


]
l2hSize :tex2html_wrap_inline23647:7.62646pt::0.0pt::15.70007pt.
[198


]
l2hSize :tex2html_wrap_inline23649:10.13034pt::0.0pt::15.1963pt.
[199


]
l2hSize :tex2html_wrap_inline23651:7.62646pt::0.0pt::15.70007pt.
[200


]
l2hSize :tex2html_wrap_inline23653:10.13034pt::0.0pt::20.67131pt.
[201


]
l2hSize :tex2html_wrap_inline23655:7.62646pt::0.0pt::15.70007pt.
[202


]
l2hSize :tex2html_wrap_inline23657:10.13034pt::0.0pt::20.67131pt.
[203


]
l2hSize :tex2html_wrap_inline23659:7.62646pt::0.0pt::15.70007pt.
[204


]
l2hSize :tex2html_wrap_inline23661:10.13034pt::0.0pt::20.67131pt.
[205


]
l2hSize :tex2html_wrap_inline23665:10.13034pt::0.0pt::26.14632pt.
[206


]
l2hSize :tex2html_wrap_inline23667:7.62646pt::0.0pt::15.70007pt.
[207


]
l2hSize :tex2html_wrap_inline23669:10.13034pt::0.0pt::26.14632pt.
[208


]
l2hSize :tex2html_wrap_inline23673:7.62646pt::0.0pt::15.70007pt.
[209


]
l2hSize :tex2html_wrap_inline23675:10.13034pt::0.0pt::26.14632pt.
[210


]
l2hSize :tex2html_wrap_inline23681:7.62646pt::7.62646pt::35.89854pt.
[211


]
l2hSize :tex2html_wrap_inline23922:7.62646pt::7.62646pt::35.89854pt.
[212


]
l2hSize :tex2html_wrap_inline23924:7.62646pt::7.62646pt::35.89854pt.
[213


]
l2hSize :displaymath23910:31.00029pt::0.0pt::451.0pt.
[214


]
l2hSize :tex2html_wrap_inline23928:7.62646pt::7.62646pt::73.69403pt.
[215


]
l2hSize :tex2html_wrap_inline23948:10.13034pt::0.0pt::13.85803pt.
[216


]
l2hSize :tex2html_wrap_inline23952:10.13034pt::0.0pt::13.85803pt.
[217


]
l2hSize :tex2html_wrap_inline23956:10.13034pt::0.0pt::13.85803pt.
[218


]
l2hSize :tex2html_wrap_inline23960:10.13034pt::0.0pt::13.85803pt.
[219


]
l2hSize :tex2html_wrap_inline23964:10.13034pt::0.0pt::13.85803pt.
[220


]
l2hSize :tex2html_wrap_inline23968:10.13034pt::0.0pt::13.85803pt.
[221


]
l2hSize :tex2html_wrap_inline23976:10.13034pt::0.0pt::15.1963pt.
[222


]
l2hSize :tex2html_wrap_inline23980:10.13034pt::0.0pt::15.1963pt.
[223


]
l2hSize :tex2html_wrap_inline23984:10.13034pt::0.0pt::15.1963pt.
[224


]
l2hSize :tex2html_wrap_inline23990:10.13034pt::0.0pt::20.67131pt.
[225


]
l2hSize :tex2html_wrap_inline24173:9.44032pt::0.0pt::41.48557pt.
[226


]
l2hSize :tex2html_wrap_inline24175:9.44032pt::0.0pt::32.47714pt.
[227


]
l2hSize :tex2html_wrap_inline24349:9.44032pt::9.44032pt::97.5711pt.
[228


]
l2hSize :tex2html_wrap_inline24448:9.52922pt::9.52922pt::86.78186pt.
[229


]
l2hSize :tex2html_wrap_inline25322:7.07185pt::7.07185pt::15.08926pt.
[230


]
l2hSize :tex2html_wrap_inline25324:7.07185pt::7.07185pt::30.78673pt.
[231


]
l2hSize :tex2html_wrap_inline25326:7.07185pt::7.07185pt::29.57008pt.
[232


]
l2hSize :tex2html_wrap_inline25330:7.07185pt::7.07185pt::34.20212pt.
[233


]
l2hSize :tex2html_wrap_inline25799:8.2125pt::8.2125pt::45.81715pt.
[234


]
l2hSize :tex2html_wrap_inline25801:8.2125pt::8.2125pt::23.8652pt.
[235


]
l2hSize :tex2html_wrap_inline27844:7.07185pt::7.07185pt::21.843pt.
[236


]
l2hSize :tex2html_wrap_inline27904:7.62646pt::0.0pt::15.70007pt.
[237


]
l2hSize :tex2html_wrap_inline27912:7.62646pt::7.62646pt::18.74176pt.
[238


]
l2hSize :tex2html_wrap_inline27918:9.52922pt::0.0pt::73.81409pt.
[239


]
l2hSize :tex2html_wrap_inline27985:8.2125pt::8.2125pt::28.3939pt.
[240


]
l2hSize :tex2html_wrap_inline27999:8.2125pt::8.2125pt::64.43513pt.
[241


]
l2hSize :tex2html_wrap_inline28005:7.60416pt::0.0pt::6.99579pt.
[242


]
l2hSize :tex2html_wrap_inline28007:7.07185pt::7.07185pt::11.39606pt.
[243


]
l2hSize :tex2html_wrap_inline28009:7.07185pt::7.07185pt::11.39606pt.
[244


]
l2hSize :tex2html_wrap_inline28011:7.60416pt::7.60416pt::54.89172pt.
[245


]
l2hSize :tex2html_wrap_inline28013:8.2125pt::8.2125pt::53.67506pt.
[246


]
l2hSize :tex2html_wrap_inline28015:7.60416pt::0.0pt::13.99544pt.
[247


]
l2hSize :tex2html_wrap_inline28019:7.60416pt::0.0pt::60.23245pt.
[248


]
l2hSize :tex2html_wrap_inline28025:7.60416pt::0.0pt::41.02058pt.
[249


]
l2hSize :tex2html_wrap_inline28027:7.60416pt::0.0pt::39.80392pt.
[250


]
l2hSize :tex2html_wrap_inline28033:7.60416pt::0.0pt::30.48125pt.
[251


]
l2hSize :tex2html_wrap_inline28035:9.12923pt::9.12923pt::57.07048pt.
[252


]
l2hSize :tex2html_wrap_inline28039:7.07185pt::0.0pt::8.5167pt.
[253


]
l2hSize :tex2html_wrap_inline28045:10.20264pt::10.20264pt::44.62119pt.
[254


]
l2hSize :tex2html_wrap_inline28271:7.60416pt::7.60416pt::18.02567pt.
[255


]
l2hSize :tex2html_wrap_inline28273:9.44032pt::9.44032pt::28.45444pt.
[256


]
l2hSize :figure28071:643.66522pt::0.0pt::451.0pt.
[257


]
l2hSize :tex2html_wrap_inline28399:7.62646pt::0.0pt::20.38434pt.
[258


]
l2hSize :tex2html_wrap_inline28409:7.07185pt::0.0pt::4.44464pt.
[259


]
l2hSize :tex2html_wrap_inline28411:10.13034pt::0.0pt::30.28305pt.
[260


]
l2hSize :tex2html_wrap_inline28413:8.2125pt::8.2125pt::32.84998pt.
[261


]
l2hSize :tex2html_wrap_inline28415:7.62646pt::0.0pt::14.90933pt.
[262


]
l2hSize :tex2html_wrap_inline28444:10.13034pt::0.0pt::15.1963pt.
[263


]
l2hSize :tex2html_wrap_inline28448:9.52922pt::0.0pt::68.33908pt.
[264


]
l2hSize :tex2html_wrap_inline28450:10.13034pt::10.13034pt::66.86673pt.
[265


]
l2hSize :tex2html_wrap_inline28480:8.2125pt::8.2125pt::34.6663pt.
[266


]
l2hSize :tex2html_wrap_inline28543:10.13034pt::0.0pt::19.33304pt.
[267


]
l2hSize :tex2html_wrap_inline28627:7.07185pt::7.07185pt::35.67386pt.
[268


]
l2hSize :tex2html_wrap_inline28629:7.4181pt::0.0pt::41.93451pt.
[269


]
l2hSize :tex2html_wrap_inline28633:7.4181pt::0.0pt::41.93451pt.
[270


]
l2hSize :tex2html_wrap_inline28635:7.31305pt::7.31305pt::36.30606pt.
[271


]
l2hSize :tex2html_wrap_inline28637:7.4181pt::0.0pt::41.93451pt.
[272


]
l2hSize :tex2html_wrap_inline28639:8.2125pt::8.2125pt::64.15625pt.
[273


]
l2hSize :tex2html_wrap_inline28641:7.4181pt::0.0pt::41.93451pt.
[274


]
l2hSize :tex2html_wrap_inline28643:7.07185pt::7.07185pt::37.52272pt.
[275


]
l2hSize :tex2html_wrap_inline28645:7.4181pt::0.0pt::41.93451pt.
[276


]
l2hSize :tex2html_wrap_inline28647:8.2125pt::8.2125pt::55.03122pt.
[277


]
l2hSize :tex2html_wrap_inline28649:7.07185pt::7.07185pt::36.10065pt.
[278


]
l2hSize :tex2html_wrap_inline28651:10.13034pt::0.0pt::35.75806pt.
[279


]
l2hSize :tex2html_wrap_inline28655:10.13034pt::0.0pt::35.75806pt.
[280


]
l2hSize :tex2html_wrap_inline28657:8.2125pt::8.2125pt::45.43098pt.
[281


]
l2hSize :tex2html_wrap_inline28659:10.13034pt::0.0pt::35.75806pt.
[282


]
l2hSize :tex2html_wrap_inline28661:7.31305pt::7.31305pt::36.30606pt.
[283


]
l2hSize :tex2html_wrap_inline28663:10.13034pt::0.0pt::35.75806pt.
[284


]
l2hSize :tex2html_wrap_inline28667:10.13034pt::0.0pt::35.75806pt.
[285


]
l2hSize :tex2html_wrap_inline28669:7.60416pt::0.0pt::27.24184pt.
[286


]
l2hSize :tex2html_wrap_inline28735:7.07185pt::0.0pt::18.60356pt.
[287


]
l2hSize :tex2html_wrap_inline28737:9.52922pt::0.0pt::68.33908pt.
[288


]
l2hSize :tex2html_wrap_inline28739:7.60416pt::0.0pt::16.83937pt.
[289


]
l2hSize :tex2html_wrap_inline28741:10.13034pt::10.13034pt::66.86673pt.
[290


]
l2hSize :tex2html_wrap_inline28743:7.07185pt::7.07185pt::24.11555pt.
[291


]
l2hSize :tex2html_wrap_inline28745:7.4181pt::7.4181pt::39.50119pt.
[292


]
l2hSize :tex2html_wrap_inline28749:7.07185pt::7.07185pt::22.71738pt.
[293


]
l2hSize :tex2html_wrap_inline28751:10.13034pt::10.13034pt::33.32474pt.
[294


]
l2hSize :tex2html_wrap_inline28755:10.13034pt::0.0pt::24.80804pt.
[295


]
l2hSize :tex2html_wrap_inline28795:10.13034pt::0.0pt::19.33304pt.
[296


]
l2hSize :tex2html_wrap_inline28797:10.13034pt::0.0pt::19.33304pt.
[297


]
l2hSize :tex2html_wrap_inline28799:7.62646pt::0.0pt::15.70007pt.
[298


]
l2hSize :tex2html_wrap_inline28803:7.62646pt::7.62646pt::34.36441pt.
[299


]
l2hSize :tex2html_wrap_inline28908:7.60416pt::0.0pt::5.44458pt.
[300


]
l2hSize :displaymath28888:14.51251pt::0.0pt::451.0pt.
[301


]
l2hSize :tex2html_wrap_inline28916:7.60416pt::7.60416pt::50.96434pt.
[302


]
l2hSize :tex2html_wrap_inline28930:7.62646pt::0.0pt::14.90933pt.
[303


]
l2hSize :displaymath28889:15.72917pt::0.0pt::451.0pt.
[304


]
l2hSize :tex2html_wrap_inline28934:7.60416pt::7.60416pt::17.91302pt.
[305


]
l2hSize :tex2html_wrap_inline28942:10.13034pt::0.0pt::15.1963pt.
[306


]
l2hSize :tex2html_wrap_inline28944:10.13034pt::10.13034pt::27.84973pt.
[307


]
l2hSize :displaymath28890:27.78561pt::0.0pt::451.0pt.
[308


]
l2hSize :tex2html_wrap_inline28966:7.07185pt::7.07185pt::32.14795pt.
[309


]
l2hSize :tex2html_wrap_inline29070:9.52922pt::0.0pt::62.86407pt.
[310


]
l2hSize :tex2html_wrap_inline29072:9.52922pt::0.0pt::62.86407pt.
[311


]
l2hSize :tex2html_wrap_inline29076:7.60416pt::7.60416pt::39.40604pt.
[312


]
l2hSize :tex2html_wrap_inline29082:7.4181pt::0.0pt::30.9845pt.
[313


]
l2hSize :tex2html_wrap_inline29088:7.4181pt::0.0pt::30.9845pt.
[314


]
l2hSize :tex2html_wrap_inline29092:7.4181pt::0.0pt::30.9845pt.
[315


]
l2hSize :tex2html_wrap_inline29094:7.48248pt::7.48248pt::76.49782pt.
[316


]
l2hSize :tex2html_wrap_inline29096:7.48248pt::0.0pt::17.03336pt.
[317


]
l2hSize :tex2html_wrap_inline29246:10.13034pt::0.0pt::9.7213pt.
[318


]
l2hSize :tex2html_wrap_inline29252:7.07185pt::7.07185pt::24.94171pt.
[319


]
l2hSize :tex2html_wrap_inline29260:7.62646pt::0.0pt::10.22507pt.
[320


]
l2hSize :tex2html_wrap_inline29262:10.13034pt::0.0pt::9.7213pt.
[321


]
l2hSize :tex2html_wrap_inline29264:9.52922pt::0.0pt::31.05571pt.
[322


]
l2hSize :tex2html_wrap_inline29324:7.48248pt::7.48248pt::52.47244pt.
[323


]
l2hSize :tex2html_wrap_inline29336:7.48248pt::7.48248pt::56.62431pt.
[324


]
l2hSize :tex2html_wrap_inline29348:7.48248pt::7.48248pt::37.80916pt.
[325


]
l2hSize :tex2html_wrap_inline29367:7.07185pt::0.0pt::22.50832pt.
[326


]
l2hSize :tex2html_wrap_inline29459:7.48248pt::7.48248pt::51.50961pt.
[327


]
l2hSize :tex2html_wrap_inline29461:7.48248pt::7.48248pt::46.0346pt.
[328


]
l2hSize :tex2html_wrap_inline29463:7.48248pt::7.48248pt::51.50961pt.
[329


]
l2hSize :tex2html_wrap_inline29465:7.48248pt::7.48248pt::51.50961pt.
[330


]
l2hSize :tex2html_wrap_inline29467:7.07185pt::0.0pt::35.24144pt.
[331


]
l2hSize :tex2html_wrap_inline29469:7.07185pt::7.07185pt::46.2333pt.
[332


] (images.aux) ) 
Here is how much of TeX's memory you used:
 352 strings out of 10906
 3626 string characters out of 71914
 60592 words of memory out of 262141
 3275 multiletter control sequences out of 9500
 7308 words of font info for 26 fonts, out of 150000 for 255
 14 hyphenation exceptions out of 607
 21i,13n,21p,242b,498s stack positions out of 300i,40n,60p,3000b,4000s

Output written on images.dvi (332 pages, 51376 bytes).
