10.8247 -212.311 49.2039
10.8331 -212.387 49.1403
10.8414 -212.463 44.5764
10.8497 -212.538 45.0128
10.8581 -212.614 45.4486
10.8664 -212.689 45.8847
10.8747 -212.763 46.3203
10.8831 -212.837 46.7561
10.8914 -212.911 47.1914
10.8997 -212.984 47.6269
10.9081 -213.058 48.0622
10.9164 -213.13 48.4972
10.9247 -213.203 48.9322
10.9331 -213.275 49.3672
10.9414 -213.346 49.8019
10.9497 -213.418 50.2364
10.9581 -213.489 50.6711
10.9664 -213.559 51.1053
10.9747 -213.63 51.5397
10.9831 -213.7 51.9736
10.9914 -213.769 52.4078
10.9997 -213.839 52.8417
11.0081 -213.907 53.2753
11.0164 -213.976 53.7092
11.0247 -214.044 54.1425
11.0164 -213.976 47.7092
11.0247 -214.044 47.6425
11.0331 -214.112 47.5761
11.0414 -214.18 47.5094
11.0497 -214.247 47.4425
11.0581 -214.314 47.3756
11.0497 -214.247 47.4425
11.0581 -214.314 47.3756
11.0664 -218.881 47.3086
11.0747 -218.447 47.2414
11.0831 -218.013 47.1742
11.0914 -217.578 47.1067
11.0997 -217.144 47.0392
11.1081 -216.708 46.9717
11.1164 -216.273 46.9039
11.1247 -215.837 46.8361
11.1331 -215.401 46.7681
11.1414 -214.965 46.7
11.1497 -214.528 46.6319
11.1581 -214.091 46.5636
11.1664 -213.654 46.4953
11.1747 -213.216 46.4269
11.1831 -212.778 46.3583
11.1914 -212.34 46.2897
11.1997 -211.901 46.2208
11.2081 -211.462 46.1519
11.2164 -211.023 46.0831
11.2247 -210.583 46.0139
11.2331 -210.143 45.9447
11.2414 -209.703 45.8756
11.2497 -209.262 45.8061
11.2581 -208.821 45.7367
11.2664 -208.38 45.6669
11.2747 -207.939 45.5972
11.2831 -207.497 45.5275
11.2914 -207.055 45.4575
11.2997 -206.612 45.3875
11.3081 -206.169 45.3175
11.3164 -205.727 45.2472
11.3247 -205.283 45.1769
11.3331 -204.839 45.1067
11.3414 -204.396 45.0364
11.3497 -203.951 44.9658
11.3581 -203.507 44.895
11.3664 -203.062 44.8244
11.3747 -202.617 44.7536
11.3831 -202.171 44.6825
11.3914 -201.725 44.6117
11.3997 -201.279 44.5406
11.4081 -200.833 44.4692
11.4164 -200.386 44.3981
11.4247 -199.939 44.3267
11.4331 -199.492 44.2553
11.4247 -216.939 44.3267
11.4331 -216.992 44.2553
11.4414 -217.044 44.1836
11.4497 -217.096 44.1119
11.4581 -217.148 44.0403
11.4664 -217.2 43.9686
11.4747 -217.251 43.8967
11.4831 -217.302 43.8247
11.4914 -217.353 43.7525
11.4997 -217.403 43.6806
11.5081 -217.453 43.6083
11.5164 -217.503 43.5358
11.5247 -217.553 43.4636
11.5331 -217.602 43.3911
11.5414 -217.651 43.3186
11.5497 -217.699 43.2458
11.5581 -217.748 43.1733
11.5664 -217.796 43.1006
11.5747 -217.844 43.0275
11.5831 -217.891 42.9547
11.5914 -217.939 42.8817
