10.8247 -212.309 49.206
10.8331 -212.385 49.1425
10.8414 -212.461 49.0788
10.8497 -212.536 49.0149
10.8581 -212.612 48.9509
10.8664 -212.687 48.8868
10.8747 -212.761 48.8226
10.8831 -212.835 48.7582
10.8914 -212.909 48.6937
10.8997 -212.982 48.6291
10.9081 -213.056 48.5644
10.9164 -213.128 48.4995
10.9247 -213.201 48.4345
10.9331 -213.273 48.3694
10.9414 -213.344 48.3041
10.9497 -213.416 48.2387
10.9581 -213.487 48.1732
10.9664 -213.557 48.1076
10.9747 -213.628 48.0419
10.9831 -213.698 47.976
10.9914 -213.767 47.91
10.9997 -213.837 47.8439
11.0081 -213.906 47.7777
11.0164 -213.974 47.7114
11.0247 -214.043 47.6449
11.0164 -213.974 47.7114
11.0247 -214.043 47.6449
11.0331 -214.11 47.5783
11.0414 -214.178 47.5116
11.0497 -214.245 47.4448
11.0581 -214.312 47.3779
11.0497 -214.245 47.4448
11.0581 -214.312 47.3779
11.0664 -214.379 47.3109
11.0747 -214.445 47.2437
11.0831 -214.511 47.1764
11.0914 -214.577 47.1091
11.0997 -214.642 47.0416
11.1081 -214.707 46.974
11.1164 -214.771 46.9063
11.1247 -214.836 46.8384
11.1331 -214.9 46.7705
11.1414 -214.963 46.7025
11.1497 -215.026 46.6343
11.1581 -215.089 46.5661
11.1664 -215.152 46.4977
11.1747 -215.214 46.4293
11.1831 -215.276 46.3607
11.1914 -215.338 46.292
11.1997 -215.399 46.2232
11.2081 -215.46 46.1544
11.2164 -215.521 46.0854
11.2247 -215.582 46.0163
11.2331 -215.642 45.9471
11.2414 -215.701 45.8778
11.2497 -215.761 45.8084
11.2581 -215.82 45.7389
11.2664 -215.879 45.6693
11.2747 -215.937 45.5996
11.2831 -215.995 45.5299
11.2914 -216.053 45.46
11.2997 -216.111 45.39
11.3081 -216.168 45.3199
11.3164 -216.225 45.2497
11.3247 -216.282 45.1795
11.3331 -216.338 45.1091
11.3414 -216.394 45.0387
11.3497 -216.45 44.9681
11.3581 -216.505 44.8975
11.3664 -216.56 44.8267
11.3747 -216.615 44.7559
11.3831 -216.67 44.685
11.3914 -216.724 44.614
11.3997 -216.778 44.5429
11.4081 -216.831 44.4717
11.4164 -216.885 44.4004
11.4247 -216.938 44.3291
11.4331 -216.991 44.2576
11.4247 -216.938 44.3291
11.4331 -216.991 44.2576
11.4414 -217.043 44.1861
11.4497 -217.095 44.1145
11.4581 -217.147 44.0427
11.4664 -217.199 43.971
11.4747 -217.25 43.8991
11.4831 -217.301 43.8271
11.4914 -217.351 43.7551
11.4997 -217.402 43.6829
11.5081 -217.452 43.6107
11.5164 -217.502 43.5384
11.5247 -217.551 43.466
11.5331 -217.601 43.3936
11.5414 -217.65 43.321
11.5497 -217.698 43.2484
11.5581 -217.747 43.1757
11.5664 -217.795 43.1029
11.5747 -217.843 43.0301
11.5831 -217.89 42.9571
11.5914 -217.937 42.8841
