 Source AZIMUTH 310d05'06.5"  and ELEVATION -28d53'10.7" [5.41201:-0.504161] 
 Source AZIMUTH 321d55'32.6"  and ELEVATION -38d47'58.4" [5.61866:-0.67718] 
 Source AZIMUTH 338d10'55.8"  and ELEVATION -45d57'15.9" [5.90239:-0.802056] 
 Source AZIMUTH 358d23'28.7"  and ELEVATION -48d52'44.8" [6.25511:-0.853101] 
 Source AZIMUTH  18d57'11.6"  and ELEVATION -46d42'20.7" [0.330796:-0.815169] 
 Source AZIMUTH  35d54'36.3"  and ELEVATION -40d05'50.1" [0.626749:-0.699829] 
 Source AZIMUTH  48d21'47.5"  and ELEVATION -30d31'02.2" [0.844097:-0.532627] 
 Source AZIMUTH  57d18'19.7"  and ELEVATION -19d09'59.4" [1.00017:-0.334519] 
 Source AZIMUTH  63d52'04.8"  and ELEVATION  -6d46'22.2" [1.11471:-0.118208] 
 Source AZIMUTH  68d50'27.7"  and ELEVATION   6d15'13.1" [1.2015:0.109146] 
 Source AZIMUTH  72d42'19.0"  and ELEVATION  19d40'40.0" [1.26895:0.343442] 
 Source AZIMUTH  72d42'19.0"  and ELEVATION  19d40'40.0" [1.26895:0.343442] 
 Source AZIMUTH  77d53'50.4"  and ELEVATION  47d11'54.7" [1.35956:0.82377] 
 Source AZIMUTH  78d51'36.1"  and ELEVATION  61d07'37.6" [1.37637:1.06687] 
 Source AZIMUTH  76d06'38.9"  and ELEVATION  75d01'57.2" [1.32838:1.30957] 
 Source AZIMUTH  11d41'07.5"  and ELEVATION  87d01'53.6" [0.203949:1.51899] 
 Source AZIMUTH 284d38'34.8"  and ELEVATION  76d13'11.4" [4.96796:1.33029] 
 Source AZIMUTH 281d09'22.2"  and ELEVATION  62d19'44.5" [4.9071:1.08785] 
 Source AZIMUTH 281d57'36.2"  and ELEVATION  48d23'47.9" [4.92113:0.84468] 
 Source AZIMUTH 284d03'53.0"  and ELEVATION  34d32'42.1" [4.95786:0.602925] 
 Source AZIMUTH 287d00'13.9"  and ELEVATION  20d50'54.0" [5.00916:0.363872] 
 Source AZIMUTH 290d47'14.0"  and ELEVATION   7d23'50.9" [5.07519:0.12911] 
 Source AZIMUTH 295d38'58.1"  and ELEVATION  -5d40'14.8" [5.16006:-0.0989737] 
 Source AZIMUTH 302d02'56.3"  and ELEVATION -18d07'54.7" [5.27175:-0.316461] 
 Source AZIMUTH 310d44'44.6"  and ELEVATION -29d35'43.6" [5.42354:-0.516538] 
